#
# There is insufficient memory for the Java Runtime Environment to continue.
# Native memory allocation (malloc) failed to allocate 1777456 bytes for Chunk::new
# Possible reasons:
#   The system is out of physical RAM or swap space
#   In 32 bit mode, the process size limit was hit
# Possible solutions:
#   Reduce memory load on the system
#   Increase physical memory or swap space
#   Check if swap backing store is full
#   Use 64 bit Java on a 64 bit OS
#   Decrease Java heap size (-Xmx/-Xms)
#   Decrease number of Java threads
#   Decrease Java thread stack sizes (-Xss)
#   Set larger code cache with -XX:ReservedCodeCacheSize=
# This output file may be truncated or incomplete.
#
#  Out of Memory Error (allocation.cpp:390), pid=18128, tid=0x00000000000001f8
#
# JRE version: Java(TM) SE Runtime Environment (8.0_181-b13) (build 1.8.0_181-b13)
# Java VM: Java HotSpot(TM) 64-Bit Server VM (25.181-b13 mixed mode windows-amd64 compressed oops)
# Failed to write core dump. Minidumps are not enabled by default on client versions of Windows
#

---------------  T H R E A D  ---------------

Current thread (0x00000000199e8000):  JavaThread "C2 CompilerThread1" daemon [_thread_in_native, id=504, stack(0x000000001b520000,0x000000001b620000)]

Stack: [0x000000001b520000,0x000000001b620000]
[error occurred during error reporting (printing stack bounds), id 0xc0000005]

Native frames: (J=compiled Java code, j=interpreted, Vv=VM code, C=native code)


Current CompileTask:
C2:   9847 4850       4       java.net.URLClassLoader$1::run (5 bytes)


---------------  P R O C E S S  ---------------

Java Threads: ( => current thread )
  0x0000000021347000 JavaThread "HikariPool-1 connection adder" daemon [_thread_blocked, id=1268, stack(0x0000000023f70000,0x0000000024070000)]
  0x0000000021348800 JavaThread "HikariPool-1 housekeeper" daemon [_thread_blocked, id=3664, stack(0x0000000023a80000,0x0000000023b80000)]
  0x0000000021346000 JavaThread "mysql-cj-abandoned-connection-cleanup" daemon [_thread_blocked, id=17052, stack(0x0000000023c70000,0x0000000023d70000)]
  0x0000000021345800 JavaThread "container-0" [_thread_blocked, id=7000, stack(0x000000001fbb0000,0x000000001fcb0000)]
  0x0000000021349000 JavaThread "Catalina-utility-2" [_thread_blocked, id=7004, stack(0x000000001f270000,0x000000001f370000)]
  0x000000002134a000 JavaThread "Catalina-utility-1" [_thread_blocked, id=9240, stack(0x000000001dba0000,0x000000001dca0000)]
  0x000000001c0c6800 JavaThread "restartedMain" [_thread_in_vm, id=10772, stack(0x000000001d360000,0x000000001d460000)]
  0x000000001bf8d800 JavaThread "Thread-0" [_thread_blocked, id=14860, stack(0x000000001d260000,0x000000001d360000)]
  0x000000001b12c800 JavaThread "Service Thread" daemon [_thread_blocked, id=11856, stack(0x000000001b720000,0x000000001b820000)]
  0x00000000199eb000 JavaThread "C1 CompilerThread2" daemon [_thread_in_vm, id=17360, stack(0x000000001b620000,0x000000001b720000)]
=>0x00000000199e8000 JavaThread "C2 CompilerThread1" daemon [_thread_in_native, id=504, stack(0x000000001b520000,0x000000001b620000)]
  0x0000000019998000 JavaThread "C2 CompilerThread0" daemon [_thread_in_native, id=9252, stack(0x000000001b020000,0x000000001b120000)]
  0x0000000019996800 JavaThread "Attach Listener" daemon [_thread_blocked, id=15824, stack(0x000000001af20000,0x000000001b020000)]
  0x0000000019992800 JavaThread "Signal Dispatcher" daemon [_thread_blocked, id=12216, stack(0x000000001ae20000,0x000000001af20000)]
  0x00000000028fa000 JavaThread "Finalizer" daemon [_thread_blocked, id=2956, stack(0x000000001abf0000,0x000000001acf0000)]
  0x00000000028f7000 JavaThread "Reference Handler" daemon [_thread_blocked, id=2232, stack(0x000000001aaf0000,0x000000001abf0000)]
  0x0000000002807000 JavaThread "main" [_thread_blocked, id=9908, stack(0x0000000002600000,0x0000000002700000)]

Other Threads:
  0x0000000019957800 VMThread [stack: 0x000000001a9f0000,0x000000001aaf0000] [id=11060]
  0x000000001b15e800 WatcherThread [stack: 0x000000001b820000,0x000000001b920000] [id=6580]

VM state:not at safepoint (normal execution)

VM Mutex/Monitor currently owned by a thread: None

Heap:
 PSYoungGen      total 214528K, used 44357K [0x0000000780900000, 0x000000078fa80000, 0x00000007c0000000)
  eden space 199168K, 14% used [0x0000000780900000,0x0000000782553010,0x000000078cb80000)
  from space 15360K, 99% used [0x000000078eb80000,0x000000078fa7e4b8,0x000000078fa80000)
  to   space 19456K, 0% used [0x000000078d480000,0x000000078d480000,0x000000078e780000)
 ParOldGen       total 83968K, used 23657K [0x0000000701a00000, 0x0000000706c00000, 0x0000000780900000)
  object space 83968K, 28% used [0x0000000701a00000,0x000000070311a550,0x0000000706c00000)
 Metaspace       used 55398K, capacity 58268K, committed 58368K, reserved 1099776K
  class space    used 7348K, capacity 7848K, committed 7936K, reserved 1048576K

Card table byte_map: [0x0000000011cc0000,0x00000000122c0000] byte_map_base: 0x000000000e4b3000

Marking Bits: (ParMarkBitMap*) 0x0000000068702d00
 Begin Bits: [0x0000000012ac0000, 0x0000000015a58000)
 End Bits:   [0x0000000015a58000, 0x00000000189f0000)

Polling page: 0x0000000000b80000

CodeCache: size=245760Kb used=15210Kb max_used=15828Kb free=230549Kb
 bounds [0x0000000002900000, 0x0000000003880000, 0x0000000011900000]
 total_blobs=5183 nmethods=4651 adapters=443
 compilation: enabled

Compilation events (10 events):
Event: 9.837 Thread 0x00000000199eb000 4977   !   2       java.util.Locale::getDefault (132 bytes)
Event: 9.838 Thread 0x00000000199eb000 nmethod 4977 0x000000000309e590 code [0x000000000309e740, 0x000000000309ed58]
Event: 9.839 Thread 0x00000000199eb000 4978       2       org.springframework.util.ReflectionUtils::findConcreteMethodsOnInterfaces (100 bytes)
Event: 9.840 Thread 0x00000000199eb000 nmethod 4978 0x00000000030b8c10 code [0x00000000030b8dc0, 0x00000000030b91f8]
Event: 9.842 Thread 0x00000000199eb000 4979       2       java.util.TimSort::sort (229 bytes)
Event: 9.843 Thread 0x00000000199eb000 nmethod 4979 0x000000000302ef50 code [0x000000000302f120, 0x000000000302f5d8]
Event: 9.843 Thread 0x00000000199eb000 4980   !   2       org.springframework.core.annotation.AnnotationsScanner::processElement (40 bytes)
Event: 9.843 Thread 0x00000000199eb000 nmethod 4980 0x0000000002b982d0 code [0x0000000002b98460, 0x0000000002b986b8]
Event: 9.843 Thread 0x00000000199eb000 4981       2       org.springframework.util.ConcurrentReferenceHashMap$Segment::restructureIfNecessary (56 bytes)
Event: 9.844 Thread 0x00000000199eb000 nmethod 4981 0x0000000002daa090 code [0x0000000002daa220, 0x0000000002daa658]

GC Heap History (10 events):
Event: 3.573 GC heap before
{Heap before GC invocations=6 (full 1):
 PSYoungGen      total 106496K, used 98304K [0x0000000780900000, 0x0000000787900000, 0x00000007c0000000)
  eden space 98304K, 100% used [0x0000000780900000,0x0000000786900000,0x0000000786900000)
  from space 8192K, 0% used [0x0000000787100000,0x0000000787100000,0x0000000787900000)
  to   space 8192K, 0% used [0x0000000786900000,0x0000000786900000,0x0000000787100000)
 ParOldGen       total 83968K, used 7748K [0x0000000701a00000, 0x0000000706c00000, 0x0000000780900000)
  object space 83968K, 9% used [0x0000000701a00000,0x0000000702191068,0x0000000706c00000)
 Metaspace       used 23599K, capacity 24818K, committed 24960K, reserved 1071104K
  class space    used 2942K, capacity 3184K, committed 3200K, reserved 1048576K
Event: 3.581 GC heap after
Heap after GC invocations=6 (full 1):
 PSYoungGen      total 106496K, used 5426K [0x0000000780900000, 0x000000078ab80000, 0x00000007c0000000)
  eden space 98304K, 0% used [0x0000000780900000,0x0000000780900000,0x0000000786900000)
  from space 8192K, 66% used [0x0000000786900000,0x0000000786e4c990,0x0000000787100000)
  to   space 11264K, 0% used [0x000000078a080000,0x000000078a080000,0x000000078ab80000)
 ParOldGen       total 83968K, used 7748K [0x0000000701a00000, 0x0000000706c00000, 0x0000000780900000)
  object space 83968K, 9% used [0x0000000701a00000,0x0000000702191068,0x0000000706c00000)
 Metaspace       used 23599K, capacity 24818K, committed 24960K, reserved 1071104K
  class space    used 2942K, capacity 3184K, committed 3200K, reserved 1048576K
}
Event: 5.466 GC heap before
{Heap before GC invocations=7 (full 1):
 PSYoungGen      total 106496K, used 103730K [0x0000000780900000, 0x000000078ab80000, 0x00000007c0000000)
  eden space 98304K, 100% used [0x0000000780900000,0x0000000786900000,0x0000000786900000)
  from space 8192K, 66% used [0x0000000786900000,0x0000000786e4c990,0x0000000787100000)
  to   space 11264K, 0% used [0x000000078a080000,0x000000078a080000,0x000000078ab80000)
 ParOldGen       total 83968K, used 7748K [0x0000000701a00000, 0x0000000706c00000, 0x0000000780900000)
  object space 83968K, 9% used [0x0000000701a00000,0x0000000702191068,0x0000000706c00000)
 Metaspace       used 31328K, capacity 33532K, committed 33664K, reserved 1079296K
  class space    used 4021K, capacity 4412K, committed 4480K, reserved 1048576K
Event: 5.479 GC heap after
Heap after GC invocations=7 (full 1):
 PSYoungGen      total 151040K, used 11236K [0x0000000780900000, 0x000000078ab80000, 0x00000007c0000000)
  eden space 139776K, 0% used [0x0000000780900000,0x0000000780900000,0x0000000789180000)
  from space 11264K, 99% used [0x000000078a080000,0x000000078ab791d8,0x000000078ab80000)
  to   space 13312K, 0% used [0x0000000789180000,0x0000000789180000,0x0000000789e80000)
 ParOldGen       total 83968K, used 8281K [0x0000000701a00000, 0x0000000706c00000, 0x0000000780900000)
  object space 83968K, 9% used [0x0000000701a00000,0x00000007022167f8,0x0000000706c00000)
 Metaspace       used 31328K, capacity 33532K, committed 33664K, reserved 1079296K
  class space    used 4021K, capacity 4412K, committed 4480K, reserved 1048576K
}
Event: 6.012 GC heap before
{Heap before GC invocations=8 (full 1):
 PSYoungGen      total 151040K, used 141579K [0x0000000780900000, 0x000000078ab80000, 0x00000007c0000000)
  eden space 139776K, 93% used [0x0000000780900000,0x0000000788849c88,0x0000000789180000)
  from space 11264K, 99% used [0x000000078a080000,0x000000078ab791d8,0x000000078ab80000)
  to   space 13312K, 0% used [0x0000000789180000,0x0000000789180000,0x0000000789e80000)
 ParOldGen       total 83968K, used 8281K [0x0000000701a00000, 0x0000000706c00000, 0x0000000780900000)
  object space 83968K, 9% used [0x0000000701a00000,0x00000007022167f8,0x0000000706c00000)
 Metaspace       used 33153K, capacity 35392K, committed 35416K, reserved 1081344K
  class space    used 4212K, capacity 4602K, committed 4608K, reserved 1048576K
Event: 6.040 GC heap after
Heap after GC invocations=8 (full 1):
 PSYoungGen      total 153088K, used 12942K [0x0000000780900000, 0x000000078fa80000, 0x00000007c0000000)
  eden space 139776K, 0% used [0x0000000780900000,0x0000000780900000,0x0000000789180000)
  from space 13312K, 97% used [0x0000000789180000,0x0000000789e23968,0x0000000789e80000)
  to   space 15360K, 0% used [0x000000078eb80000,0x000000078eb80000,0x000000078fa80000)
 ParOldGen       total 83968K, used 8281K [0x0000000701a00000, 0x0000000706c00000, 0x0000000780900000)
  object space 83968K, 9% used [0x0000000701a00000,0x00000007022167f8,0x0000000706c00000)
 Metaspace       used 33153K, capacity 35392K, committed 35416K, reserved 1081344K
  class space    used 4212K, capacity 4602K, committed 4608K, reserved 1048576K
}
Event: 6.040 GC heap before
{Heap before GC invocations=9 (full 2):
 PSYoungGen      total 153088K, used 12942K [0x0000000780900000, 0x000000078fa80000, 0x00000007c0000000)
  eden space 139776K, 0% used [0x0000000780900000,0x0000000780900000,0x0000000789180000)
  from space 13312K, 97% used [0x0000000789180000,0x0000000789e23968,0x0000000789e80000)
  to   space 15360K, 0% used [0x000000078eb80000,0x000000078eb80000,0x000000078fa80000)
 ParOldGen       total 83968K, used 8281K [0x0000000701a00000, 0x0000000706c00000, 0x0000000780900000)
  object space 83968K, 9% used [0x0000000701a00000,0x00000007022167f8,0x0000000706c00000)
 Metaspace       used 33153K, capacity 35392K, committed 35416K, reserved 1081344K
  class space    used 4212K, capacity 4602K, committed 4608K, reserved 1048576K
Event: 6.148 GC heap after
Heap after GC invocations=9 (full 2):
 PSYoungGen      total 153088K, used 0K [0x0000000780900000, 0x000000078fa80000, 0x00000007c0000000)
  eden space 139776K, 0% used [0x0000000780900000,0x0000000780900000,0x0000000789180000)
  from space 13312K, 0% used [0x0000000789180000,0x0000000789180000,0x0000000789e80000)
  to   space 15360K, 0% used [0x000000078eb80000,0x000000078eb80000,0x000000078fa80000)
 ParOldGen       total 83968K, used 18442K [0x0000000701a00000, 0x0000000706c00000, 0x0000000780900000)
  object space 83968K, 21% used [0x0000000701a00000,0x0000000702c02800,0x0000000706c00000)
 Metaspace       used 33153K, capacity 35392K, committed 35416K, reserved 1081344K
  class space    used 4212K, capacity 4602K, committed 4608K, reserved 1048576K
}
Event: 9.278 GC heap before
{Heap before GC invocations=10 (full 2):
 PSYoungGen      total 153088K, used 139776K [0x0000000780900000, 0x000000078fa80000, 0x00000007c0000000)
  eden space 139776K, 100% used [0x0000000780900000,0x0000000789180000,0x0000000789180000)
  from space 13312K, 0% used [0x0000000789180000,0x0000000789180000,0x0000000789e80000)
  to   space 15360K, 0% used [0x000000078eb80000,0x000000078eb80000,0x000000078fa80000)
 ParOldGen       total 83968K, used 18442K [0x0000000701a00000, 0x0000000706c00000, 0x0000000780900000)
  object space 83968K, 21% used [0x0000000701a00000,0x0000000702c02800,0x0000000706c00000)
 Metaspace       used 53099K, capacity 55710K, committed 56192K, reserved 1097728K
  class space    used 7058K, capacity 7497K, committed 7552K, reserved 1048576K
Event: 9.304 GC heap after
Heap after GC invocations=10 (full 2):
 PSYoungGen      total 214528K, used 15353K [0x0000000780900000, 0x000000078fa80000, 0x00000007c0000000)
  eden space 199168K, 0% used [0x0000000780900000,0x0000000780900000,0x000000078cb80000)
  from space 15360K, 99% used [0x000000078eb80000,0x000000078fa7e4b8,0x000000078fa80000)
  to   space 19456K, 0% used [0x000000078d480000,0x000000078d480000,0x000000078e780000)
 ParOldGen       total 83968K, used 23657K [0x0000000701a00000, 0x0000000706c00000, 0x0000000780900000)
  object space 83968K, 28% used [0x0000000701a00000,0x000000070311a550,0x0000000706c00000)
 Metaspace       used 53099K, capacity 55710K, committed 56192K, reserved 1097728K
  class space    used 7058K, capacity 7497K, committed 7552K, reserved 1048576K
}

Deoptimization events (10 events):
Event: 9.472 Thread 0x000000001c0c6800 Uncommon trap: reason=unstable_if action=reinterpret pc=0x000000000342e160 method=org.springframework.beans.factory.support.AbstractAutowireCapableBeanFactory.getTypeForFactoryBean(Ljava/lang/String;Lorg/springframework/beans/factory/support/RootBeanDefin
Event: 9.478 Thread 0x000000001c0c6800 Uncommon trap: reason=unstable_if action=reinterpret pc=0x0000000003130fd4 method=org.springframework.beans.factory.support.AbstractAutowireCapableBeanFactory.determineTargetType(Ljava/lang/String;Lorg/springframework/beans/factory/support/RootBeanDefinit
Event: 9.549 Thread 0x000000001c0c6800 Uncommon trap: reason=class_check action=maybe_recompile pc=0x00000000031e6e44 method=sun.reflect.generics.reflectiveObjects.TypeVariableImpl.hashCode()I @ 4
Event: 9.549 Thread 0x000000001c0c6800 Uncommon trap: reason=class_check action=maybe_recompile pc=0x00000000031e6e44 method=sun.reflect.generics.reflectiveObjects.TypeVariableImpl.hashCode()I @ 4
Event: 9.549 Thread 0x000000001c0c6800 Uncommon trap: reason=class_check action=maybe_recompile pc=0x00000000031e6e44 method=sun.reflect.generics.reflectiveObjects.TypeVariableImpl.hashCode()I @ 4
Event: 9.549 Thread 0x000000001c0c6800 Uncommon trap: reason=class_check action=maybe_recompile pc=0x00000000031e6e44 method=sun.reflect.generics.reflectiveObjects.TypeVariableImpl.hashCode()I @ 4
Event: 9.557 Thread 0x000000001c0c6800 Uncommon trap: reason=unstable_if action=reinterpret pc=0x000000000345a7b0 method=java.util.concurrent.ConcurrentHashMap.putVal(Ljava/lang/Object;Ljava/lang/Object;Z)Ljava/lang/Object; @ 331
Event: 9.602 Thread 0x000000001c0c6800 Uncommon trap: reason=class_check action=maybe_recompile pc=0x000000000326f3a8 method=org.springframework.core.ResolvableType.resolveType()Lorg/springframework/core/ResolvableType; @ 101
Event: 9.799 Thread 0x000000001c0c6800 Uncommon trap: reason=unstable_if action=reinterpret pc=0x000000000340a9f0 method=org.springframework.util.ConcurrentReferenceHashMap$Segment.restructureIfNecessary(Z)V @ 41
Event: 9.801 Thread 0x000000001c0c6800 Uncommon trap: reason=unstable_if action=reinterpret pc=0x0000000002d6be30 method=org.springframework.util.ConcurrentReferenceHashMap$Segment.restructureIfNecessary(Z)V @ 41

Classes redefined (0 events):
No events

Internal exceptions (10 events):
Event: 9.484 Thread 0x000000001c0c6800 Exception <a 'java/lang/ClassNotFoundException': org/springframework/beans/factory/FactoryBeanCustomizer> (0x00000007813dfb30) thrown at [C:\re\workspace\8-2-build-windows-amd64-cygwin\jdk8u181\11358\hotspot\src\share\vm\classfile\systemDictionary.cpp, li
Event: 9.485 Thread 0x000000001c0c6800 Exception <a 'java/lang/ClassNotFoundException': org/springframework/beans/factory/InitializingBeanCustomizer> (0x00000007813fc088) thrown at [C:\re\workspace\8-2-build-windows-amd64-cygwin\jdk8u181\11358\hotspot\src\share\vm\classfile\systemDictionary.cp
Event: 9.571 Thread 0x000000001c0c6800 Exception <a 'java/lang/NoSuchMethodError': java.lang.Object.lambda$static$0(Ljava/lang/Object;)Lorg/springframework/expression/EvaluationContext;> (0x000000078184e0f8) thrown at [C:\re\workspace\8-2-build-windows-amd64-cygwin\jdk8u181\11358\hotspot\src\s
Event: 9.818 Thread 0x000000001c0c6800 Exception <a 'java/lang/ClassNotFoundException': java/lang/ObjectCustomizer> (0x00000007820f5ad0) thrown at [C:\re\workspace\8-2-build-windows-amd64-cygwin\jdk8u181\11358\hotspot\src\share\vm\classfile\systemDictionary.cpp, line 210]
Event: 9.819 Thread 0x000000001c0c6800 Exception <a 'java/lang/ClassNotFoundException': org/signalement/entities/AdminCustomizer> (0x000000078210d968) thrown at [C:\re\workspace\8-2-build-windows-amd64-cygwin\jdk8u181\11358\hotspot\src\share\vm\classfile\systemDictionary.cpp, line 210]
Event: 9.826 Thread 0x000000001c0c6800 Exception <a 'java/lang/NoSuchMethodError': java.lang.Object.lambda$of$0([Ljava/lang/Object;)Ljava/util/Iterator;> (0x0000000782180ca8) thrown at [C:\re\workspace\8-2-build-windows-amd64-cygwin\jdk8u181\11358\hotspot\src\share\vm\interpreter\linkResolver.
Event: 9.841 Thread 0x000000001c0c6800 Exception <a 'java/lang/NoSuchMethodError': java.lang.Object.lambda$toStream$0(Ljava/util/Optional;)Ljava/util/stream/Stream;> (0x000000078224c6a8) thrown at [C:\re\workspace\8-2-build-windows-amd64-cygwin\jdk8u181\11358\hotspot\src\share\vm\interpreter\l
Event: 9.841 Thread 0x000000001c0c6800 Exception <a 'java/lang/NoSuchMethodError': java.lang.Object.of(Ljava/lang/Object;)Ljava/util/stream/Stream;> (0x00000007822530e0) thrown at [C:\re\workspace\8-2-build-windows-amd64-cygwin\jdk8u181\11358\hotspot\src\share\vm\interpreter\linkResolver.cpp, 
Event: 9.842 Thread 0x000000001c0c6800 Exception <a 'java/lang/NoSuchMethodError': java.lang.Object.empty()Ljava/util/stream/Stream;> (0x0000000782255f28) thrown at [C:\re\workspace\8-2-build-windows-amd64-cygwin\jdk8u181\11358\hotspot\src\share\vm\interpreter\linkResolver.cpp, line 620]
Event: 9.844 Thread 0x000000001c0c6800 Exception <a 'java/lang/NoSuchMethodError': java.lang.Object.fromNullable(Ljava/lang/Object;)Ljava/util/stream/Stream;> (0x000000078226b4d0) thrown at [C:\re\workspace\8-2-build-windows-amd64-cygwin\jdk8u181\11358\hotspot\src\share\vm\interpreter\linkReso

Events (10 events):
Event: 9.842 loading class org/springframework/data/mapping/model/AnnotationBasedPersistentProperty
Event: 9.842 loading class org/springframework/data/mapping/model/AnnotationBasedPersistentProperty done
Event: 9.842 loading class org/springframework/core/annotation/MergedAnnotation
Event: 9.842 loading class org/springframework/core/annotation/MergedAnnotation done
Event: 9.844 loading class org/springframework/data/mapping/model/AnnotationBasedPersistentProperty
Event: 9.844 loading class org/springframework/data/mapping/model/AnnotationBasedPersistentProperty done
Event: 9.845 loading class org/springframework/data/jpa/mapping/JpaPersistentPropertyImpl
Event: 9.845 loading class org/springframework/data/jpa/mapping/JpaPersistentPropertyImpl done
Event: 9.845 loading class org/springframework/data/annotation/AccessType
Event: 9.845 loading class org/springframework/data/annotation/AccessType done


Dynamic libraries:
0x00007ff7bad20000 - 0x00007ff7bad57000 	C:\Program Files\Java\jdk1.8.0_181\bin\java.exe
0x00007ffd8ba70000 - 0x00007ffd8bc65000 	C:\WINDOWS\SYSTEM32\ntdll.dll
0x00007ffd8b290000 - 0x00007ffd8b34d000 	C:\WINDOWS\System32\KERNEL32.DLL
0x00007ffd892d0000 - 0x00007ffd89599000 	C:\WINDOWS\System32\KERNELBASE.dll
0x00007ffd89ad0000 - 0x00007ffd89b7c000 	C:\WINDOWS\System32\ADVAPI32.dll
0x00007ffd8b0f0000 - 0x00007ffd8b18e000 	C:\WINDOWS\System32\msvcrt.dll
0x00007ffd8b190000 - 0x00007ffd8b22b000 	C:\WINDOWS\System32\sechost.dll
0x00007ffd8b480000 - 0x00007ffd8b5aa000 	C:\WINDOWS\System32\RPCRT4.dll
0x00007ffd8b800000 - 0x00007ffd8b9a0000 	C:\WINDOWS\System32\USER32.dll
0x00007ffd892a0000 - 0x00007ffd892c2000 	C:\WINDOWS\System32\win32u.dll
0x00007ffd8b9a0000 - 0x00007ffd8b9ca000 	C:\WINDOWS\System32\GDI32.dll
0x00007ffd895a0000 - 0x00007ffd896ab000 	C:\WINDOWS\System32\gdi32full.dll
0x00007ffd898d0000 - 0x00007ffd8996d000 	C:\WINDOWS\System32\msvcp_win.dll
0x00007ffd891a0000 - 0x00007ffd892a0000 	C:\WINDOWS\System32\ucrtbase.dll
0x00007ffd6f840000 - 0x00007ffd6fada000 	C:\WINDOWS\WinSxS\amd64_microsoft.windows.common-controls_6595b64144ccf1df_6.0.19041.1110_none_60b5254171f9507e\COMCTL32.dll
0x00007ffd8abb0000 - 0x00007ffd8abe0000 	C:\WINDOWS\System32\IMM32.DLL
0x0000000069650000 - 0x0000000069722000 	C:\Program Files\Java\jdk1.8.0_181\jre\bin\msvcr100.dll
0x0000000067ee0000 - 0x0000000068782000 	C:\Program Files\Java\jdk1.8.0_181\jre\bin\server\jvm.dll
0x00007ffd8a480000 - 0x00007ffd8a488000 	C:\WINDOWS\System32\PSAPI.DLL
0x00007ffd70400000 - 0x00007ffd70409000 	C:\WINDOWS\SYSTEM32\WSOCK32.dll
0x00007ffd8a970000 - 0x00007ffd8a9db000 	C:\WINDOWS\System32\WS2_32.dll
0x00007ffd6fae0000 - 0x00007ffd6fb07000 	C:\WINDOWS\SYSTEM32\WINMM.dll
0x00007ffd81e20000 - 0x00007ffd81e2a000 	C:\WINDOWS\SYSTEM32\VERSION.dll
0x000000006aae0000 - 0x000000006aaef000 	C:\Program Files\Java\jdk1.8.0_181\jre\bin\verify.dll
0x0000000069620000 - 0x0000000069649000 	C:\Program Files\Java\jdk1.8.0_181\jre\bin\java.dll
0x0000000069600000 - 0x0000000069616000 	C:\Program Files\Java\jdk1.8.0_181\jre\bin\zip.dll
0x00007ffd89b80000 - 0x00007ffd8a2bf000 	C:\WINDOWS\System32\SHELL32.dll
0x00007ffd87290000 - 0x00007ffd87a20000 	C:\WINDOWS\SYSTEM32\windows.storage.dll
0x00007ffd8abe0000 - 0x00007ffd8af35000 	C:\WINDOWS\System32\combase.dll
0x00007ffd88c00000 - 0x00007ffd88c2c000 	C:\WINDOWS\SYSTEM32\Wldp.dll
0x00007ffd8a350000 - 0x00007ffd8a3fe000 	C:\WINDOWS\System32\SHCORE.dll
0x00007ffd8b230000 - 0x00007ffd8b285000 	C:\WINDOWS\System32\shlwapi.dll
0x00007ffd890e0000 - 0x00007ffd890ff000 	C:\WINDOWS\SYSTEM32\profapi.dll
0x000000006aad0000 - 0x000000006aadd000 	C:\Program Files\Java\jdk1.8.0_181\jre\bin\management.dll
0x00000000695e0000 - 0x00000000695fa000 	C:\Program Files\Java\jdk1.8.0_181\jre\bin\net.dll
0x00007ffd88960000 - 0x00007ffd889ca000 	C:\WINDOWS\system32\mswsock.dll
0x00007ffd652f0000 - 0x00007ffd65307000 	C:\WINDOWS\system32\napinsp.dll
0x00007ffd652d0000 - 0x00007ffd652eb000 	C:\WINDOWS\system32\pnrpnsp.dll
0x00007ffd84400000 - 0x00007ffd84415000 	C:\WINDOWS\system32\wshbth.dll
0x00007ffd84e30000 - 0x00007ffd84e4d000 	C:\WINDOWS\system32\NLAapi.dll
0x00007ffd88600000 - 0x00007ffd8863b000 	C:\WINDOWS\SYSTEM32\IPHLPAPI.DLL
0x00007ffd88650000 - 0x00007ffd8871c000 	C:\WINDOWS\SYSTEM32\DNSAPI.dll
0x00007ffd8b350000 - 0x00007ffd8b358000 	C:\WINDOWS\System32\NSI.dll
0x00007ffd652b0000 - 0x00007ffd652c2000 	C:\WINDOWS\System32\winrnr.dll
0x00007ffd78e90000 - 0x00007ffd78e9a000 	C:\Windows\System32\rasadhlp.dll
0x00007ffd7b3f0000 - 0x00007ffd7b46f000 	C:\WINDOWS\System32\fwpuclnt.dll
0x00007ffd89850000 - 0x00007ffd89877000 	C:\WINDOWS\System32\bcrypt.dll
0x00000000695c0000 - 0x00000000695d1000 	C:\Program Files\Java\jdk1.8.0_181\jre\bin\nio.dll
0x00007ffd88b50000 - 0x00007ffd88b68000 	C:\WINDOWS\SYSTEM32\CRYPTSP.dll
0x00007ffd88270000 - 0x00007ffd882a4000 	C:\WINDOWS\system32\rsaenh.dll
0x00007ffd890a0000 - 0x00007ffd890ce000 	C:\WINDOWS\SYSTEM32\USERENV.dll
0x00007ffd897c0000 - 0x00007ffd89843000 	C:\WINDOWS\System32\bcryptprimitives.dll
0x00007ffd88b70000 - 0x00007ffd88b7c000 	C:\WINDOWS\SYSTEM32\CRYPTBASE.dll
0x00007ffd81340000 - 0x00007ffd81357000 	C:\WINDOWS\SYSTEM32\dhcpcsvc6.DLL
0x00007ffd81640000 - 0x00007ffd8165d000 	C:\WINDOWS\SYSTEM32\dhcpcsvc.DLL

VM Arguments:
java_command: org.signalement.SignalementApplication
java_class_path (initial): D:\S5\Rojo\project\heroku\target\classes;C:\Users\Mamitiana\.m2\repository\org\springframework\boot\spring-boot-starter-data-jpa\2.5.8\spring-boot-starter-data-jpa-2.5.8.jar;C:\Users\Mamitiana\.m2\repository\org\springframework\boot\spring-boot-starter-aop\2.5.8\spring-boot-starter-aop-2.5.8.jar;C:\Users\Mamitiana\.m2\repository\org\aspectj\aspectjweaver\1.9.7\aspectjweaver-1.9.7.jar;C:\Users\Mamitiana\.m2\repository\org\springframework\boot\spring-boot-starter-jdbc\2.5.8\spring-boot-starter-jdbc-2.5.8.jar;C:\Users\Mamitiana\.m2\repository\com\zaxxer\HikariCP\4.0.3\HikariCP-4.0.3.jar;C:\Users\Mamitiana\.m2\repository\org\springframework\spring-jdbc\5.3.14\spring-jdbc-5.3.14.jar;C:\Users\Mamitiana\.m2\repository\jakarta\transaction\jakarta.transaction-api\1.3.3\jakarta.transaction-api-1.3.3.jar;C:\Users\Mamitiana\.m2\repository\jakarta\persistence\jakarta.persistence-api\2.2.3\jakarta.persistence-api-2.2.3.jar;C:\Users\Mamitiana\.m2\repository\org\hibernate\hibernate-core\5.4.33\hibernate-core-5.4.33.jar;C:\Users\Mamitiana\.m2\repository\org\jboss\logging\jboss-logging\3.4.2.Final\jboss-logging-3.4.2.Final.jar;C:\Users\Mamitiana\.m2\repository\org\javassist\javassist\3.27.0-GA\javassist-3.27.0-GA.jar;C:\Users\Mamitiana\.m2\repository\net\bytebuddy\byte-buddy\1.10.22\byte-buddy-1.10.22.jar;C:\Users\Mamitiana\.m2\repository\antlr\antlr\2.7.7\antlr-2.7.7.jar;C:\Users\Mamitiana\.m2\repository\org\jboss\jandex\2.2.3.Final\jandex-2.2.3.Final.jar;C:\Users\Mamitiana\.m2\repository\com\fasterxml\classmate\1.5.1\classmate-1.5.1.jar;C:\Users\Mamitiana\.m2\repository\org\dom4j\dom4j\2.1.3\dom4j-2.1.3.jar;C:\Users\Mamitiana\.m2\repository\org\hibernate\common\hibernate-commons-annotations\5.1.2.Final\hibernate-commons-annotations-5.1.2.Final.jar;C:\Users\Mamitiana\.m2\repository\org\glassfish\jaxb\jaxb-runtime\2.3.5\jaxb-runtime-2.3.5.jar;C:\Users\Mamitiana\.m2\repository\org\glassfish\jaxb\txw2\2.3.5\txw2-2.3.5.jar;C:\Users\Mamitiana\.m2\repository\c
Launcher Type: SUN_STANDARD

Environment Variables:
JAVA_HOME=C:\Program Files\Java\jdk1.8.0_181
CLASSPATH=.;D:\jar\*;
PATH=D:\app\Mamitiana\product\11.2.0\dbhome_1\bin;C:\Program Files (x86)\Common Files\Oracle\Java\javapath;C:\WINDOWS\system32;C:\WINDOWS;C:\WINDOWS\System32\Wbem;C:\WINDOWS\System32\WindowsPowerShell\v1.0\;C:\WINDOWS\System32\OpenSSH\;C:\Program Files (x86)\NVIDIA Corporation\PhysX\Common;C:\Program Files\NVIDIA Corporation\NVIDIA NvDLISR;C:\WINDOWS\system32;C:\WINDOWS;C:\WINDOWS\System32\Wbem;C:\WINDOWS\System32\WindowsPowerShell\v1.0\;C:\WINDOWS\System32\OpenSSH\;C:\Program Files\Java\jdk1.8.0_181\bin;C:\php;C:\ProgramData\ComposerSetup\bin;C:\Program Files\Git\cmd;C:\Program Files\PostgreSQL\13\bin;C:\Program Files\dotnet\;C:\Program Files\Microsoft SQL Server\130\Tools\Binn\;C:\Program Files\Microsoft SQL Server\Client SDK\ODBC\170\Tools\Binn\;C:\Program Files\Microsoft SQL Server\Client SDK\ODBC\130\Tools\Binn\;C:\Program Files (x86)\Microsoft SQL Server\140\Tools\Binn\;C:\Program Files\Microsoft SQL Server\140\Tools\Binn\;C:\Program Files\Microsoft SQL Server\140\DTS\Binn\;C:\Program Files (x86)\Microsoft SQL Server\150\DTS\Binn\;C:\Program Files\Azure Data Studio\bin;C:\msys\1.0\bin;D:\c++\Qt\Tools\mingw810_64\bin;D:\c++\Qt\5.15.2\mingw81_64\bin;C:\Users\Mamitiana\AppData\Local\Programs\Python\Python39;C:\Users\Mamitiana\AppData\Local\Programs\Python\Python39\Scripts;D:\NodeJS\;D:\MAven\apache-maven-3.8.3\bin\;C:\xampp\mysql\bin;C:\Users\Mamitiana\AppData\Local\Microsoft\WindowsApps;C:\Program Files\heroku\bin;C:\Users\Mamitiana\AppData\Roaming\Composer\vendor\bin;C:\Users\Mamitiana\AppData\Local\GitHubDesktop\bin;C:\Program Files\JetBrains\PyCharm Community Edition 2021.1.1\bin;;C:\Users\Mamitiana\.dotnet\tools;C:\Program Files\Azure Data Studio\bin;C:\Users\Mamitiana\AppData\Roaming\Microsoft\Windows\Start Menu\Programs\Python 3.9;C:\Users\Mamitiana\AppData\Roaming\npm;D:\Microsoft VS Code\bin
USERNAME=Mamitiana
OS=Windows_NT
PROCESSOR_IDENTIFIER=Intel64 Family 6 Model 60 Stepping 3, GenuineIntel



---------------  S Y S T E M  ---------------

OS: Windows 10.0 , 64 bit Build 19041 (10.0.19041.1151)

CPU:total 4 (initial active 4) (2 cores per cpu, 2 threads per core) family 6 model 60 stepping 3, cmov, cx8, fxsr, mmx, sse, sse2, sse3, ssse3, sse4.1, sse4.2, popcnt, avx, avx2, aes, clmul, erms, lzcnt, ht, tsc, tscinvbit, bmi1, bmi2

Memory: 4k page, physical 12471576k(3456744k free), swap 17837912k(5680k free)

vm_info: Java HotSpot(TM) 64-Bit Server VM (25.181-b13) for windows-amd64 JRE (1.8.0_181-b13), built on Jul  7 2018 04:01:33 by "java_re" with MS VC++ 10.0 (VS2010)

time: Sat Jan 22 20:34:03 2022
elapsed time: 9 seconds (0d 0h 0m 9s)

